{"/home/elena/projects-2/cuddly-meme/lecture1/index.js": {"path":"/home/elena/projects-2/cuddly-meme/lecture1/index.js","statementMap":{"0":{"start":{"line":3,"column":23},"end":{"line":16,"column":1}},"1":{"start":{"line":4,"column":2},"end":{"line":15,"column":3}},"2":{"start":{"line":6,"column":6},"end":{"line":6,"column":19}},"3":{"start":{"line":8,"column":6},"end":{"line":8,"column":19}},"4":{"start":{"line":10,"column":6},"end":{"line":10,"column":19}},"5":{"start":{"line":12,"column":6},"end":{"line":12,"column":19}},"6":{"start":{"line":14,"column":6},"end":{"line":14,"column":15}},"7":{"start":{"line":21,"column":15},"end":{"line":21,"column":85}},"8":{"start":{"line":23,"column":2},"end":{"line":23,"column":14}},"9":{"start":{"line":29,"column":41},"end":{"line":29,"column":44}},"10":{"start":{"line":31,"column":2},"end":{"line":31,"column":56}},"11":{"start":{"line":37,"column":19},"end":{"line":37,"column":40}},"12":{"start":{"line":39,"column":2},"end":{"line":39,"column":48}},"13":{"start":{"line":45,"column":18},"end":{"line":45,"column":69}},"14":{"start":{"line":47,"column":2},"end":{"line":47,"column":26}},"15":{"start":{"line":53,"column":17},"end":{"line":53,"column":57}},"16":{"start":{"line":54,"column":21},"end":{"line":54,"column":56}},"17":{"start":{"line":56,"column":2},"end":{"line":56,"column":31}},"18":{"start":{"line":62,"column":25},"end":{"line":68,"column":4}},"19":{"start":{"line":63,"column":4},"end":{"line":67,"column":5}},"20":{"start":{"line":64,"column":6},"end":{"line":64,"column":34}},"21":{"start":{"line":66,"column":6},"end":{"line":66,"column":34}},"22":{"start":{"line":70,"column":2},"end":{"line":70,"column":33}},"23":{"start":{"line":76,"column":21},"end":{"line":76,"column":41}},"24":{"start":{"line":77,"column":16},"end":{"line":77,"column":17}},"25":{"start":{"line":79,"column":2},"end":{"line":83,"column":3}},"26":{"start":{"line":79,"column":15},"end":{"line":79,"column":16}},"27":{"start":{"line":80,"column":4},"end":{"line":82,"column":5}},"28":{"start":{"line":81,"column":6},"end":{"line":81,"column":16}},"29":{"start":{"line":85,"column":2},"end":{"line":85,"column":17}},"30":{"start":{"line":91,"column":14},"end":{"line":91,"column":45}},"31":{"start":{"line":93,"column":2},"end":{"line":93,"column":20}},"32":{"start":{"line":99,"column":15},"end":{"line":99,"column":17}},"33":{"start":{"line":101,"column":2},"end":{"line":107,"column":3}},"34":{"start":{"line":101,"column":15},"end":{"line":101,"column":16}},"35":{"start":{"line":102,"column":17},"end":{"line":102,"column":51}},"36":{"start":{"line":104,"column":4},"end":{"line":106,"column":5}},"37":{"start":{"line":105,"column":6},"end":{"line":105,"column":34}},"38":{"start":{"line":109,"column":2},"end":{"line":109,"column":44}}},"fnMap":{"0":{"name":"(anonymous_0)","decl":{"start":{"line":3,"column":23},"end":{"line":3,"column":24}},"loc":{"start":{"line":3,"column":42},"end":{"line":16,"column":1}},"line":3},"1":{"name":"stringMerge","decl":{"start":{"line":20,"column":16},"end":{"line":20,"column":27}},"loc":{"start":{"line":20,"column":48},"end":{"line":24,"column":1}},"line":20},"2":{"name":"phoneNumber","decl":{"start":{"line":28,"column":16},"end":{"line":28,"column":27}},"loc":{"start":{"line":28,"column":33},"end":{"line":32,"column":1}},"line":28},"3":{"name":"getOperands","decl":{"start":{"line":36,"column":16},"end":{"line":36,"column":27}},"loc":{"start":{"line":36,"column":40},"end":{"line":40,"column":1}},"line":36},"4":{"name":"getTime","decl":{"start":{"line":44,"column":16},"end":{"line":44,"column":23}},"loc":{"start":{"line":44,"column":32},"end":{"line":48,"column":1}},"line":44},"5":{"name":"isPalindrome","decl":{"start":{"line":52,"column":16},"end":{"line":52,"column":28}},"loc":{"start":{"line":52,"column":35},"end":{"line":57,"column":1}},"line":52},"6":{"name":"swapCase","decl":{"start":{"line":61,"column":16},"end":{"line":61,"column":24}},"loc":{"start":{"line":61,"column":34},"end":{"line":71,"column":1}},"line":61},"7":{"name":"(anonymous_7)","decl":{"start":{"line":62,"column":47},"end":{"line":62,"column":48}},"loc":{"start":{"line":62,"column":59},"end":{"line":68,"column":3}},"line":62},"8":{"name":"countOccurrences","decl":{"start":{"line":75,"column":16},"end":{"line":75,"column":32}},"loc":{"start":{"line":75,"column":49},"end":{"line":86,"column":1}},"line":75},"9":{"name":"vowelCount","decl":{"start":{"line":90,"column":16},"end":{"line":90,"column":26}},"loc":{"start":{"line":90,"column":35},"end":{"line":94,"column":1}},"line":90},"10":{"name":"alphabetPosition","decl":{"start":{"line":98,"column":16},"end":{"line":98,"column":32}},"loc":{"start":{"line":98,"column":41},"end":{"line":110,"column":1}},"line":98}},"branchMap":{"0":{"loc":{"start":{"line":4,"column":2},"end":{"line":15,"column":3}},"type":"switch","locations":[{"start":{"line":5,"column":4},"end":{"line":6,"column":19}},{"start":{"line":7,"column":4},"end":{"line":8,"column":19}},{"start":{"line":9,"column":4},"end":{"line":10,"column":19}},{"start":{"line":11,"column":4},"end":{"line":12,"column":19}},{"start":{"line":13,"column":4},"end":{"line":14,"column":15}}],"line":4},"1":{"loc":{"start":{"line":45,"column":18},"end":{"line":45,"column":69}},"type":"binary-expr","locations":[{"start":{"line":45,"column":18},"end":{"line":45,"column":63}},{"start":{"line":45,"column":67},"end":{"line":45,"column":69}}],"line":45},"2":{"loc":{"start":{"line":47,"column":9},"end":{"line":47,"column":25}},"type":"binary-expr","locations":[{"start":{"line":47,"column":9},"end":{"line":47,"column":19}},{"start":{"line":47,"column":23},"end":{"line":47,"column":25}}],"line":47},"3":{"loc":{"start":{"line":63,"column":4},"end":{"line":67,"column":5}},"type":"if","locations":[{"start":{"line":63,"column":4},"end":{"line":67,"column":5}},{"start":{"line":65,"column":11},"end":{"line":67,"column":5}}],"line":63},"4":{"loc":{"start":{"line":80,"column":4},"end":{"line":82,"column":5}},"type":"if","locations":[{"start":{"line":80,"column":4},"end":{"line":82,"column":5}},{"start":{},"end":{}}],"line":80},"5":{"loc":{"start":{"line":91,"column":14},"end":{"line":91,"column":45}},"type":"binary-expr","locations":[{"start":{"line":91,"column":14},"end":{"line":91,"column":39}},{"start":{"line":91,"column":43},"end":{"line":91,"column":45}}],"line":91},"6":{"loc":{"start":{"line":104,"column":4},"end":{"line":106,"column":5}},"type":"if","locations":[{"start":{"line":104,"column":4},"end":{"line":106,"column":5}},{"start":{},"end":{}}],"line":104},"7":{"loc":{"start":{"line":104,"column":8},"end":{"line":104,"column":30}},"type":"binary-expr","locations":[{"start":{"line":104,"column":8},"end":{"line":104,"column":17}},{"start":{"line":104,"column":21},"end":{"line":104,"column":30}}],"line":104}},"s":{"0":1,"1":6,"2":1,"3":1,"4":1,"5":1,"6":2,"7":4,"8":4,"9":1,"10":1,"11":4,"12":4,"13":4,"14":4,"15":4,"16":4,"17":4,"18":4,"19":17,"20":8,"21":9,"22":4,"23":3,"24":3,"25":3,"26":3,"27":13,"28":4,"29":3,"30":4,"31":4,"32":1,"33":1,"34":1,"35":35,"36":35,"37":27,"38":1},"f":{"0":6,"1":4,"2":1,"3":4,"4":4,"5":4,"6":4,"7":17,"8":3,"9":4,"10":1},"b":{"0":[1,1,1,1,2],"1":[4,1],"2":[4,1],"3":[8,9],"4":[4,9],"5":[4,1],"6":[27,8],"7":[35,27]},"_coverageSchema":"1a1c01bbd47fc00a2c39e90264f33305004495a9","hash":"4527d4d3349c2a10fba3949492ad1f851cafcbe6"}
,"/home/elena/projects-2/cuddly-meme/lecture2/calculateRentalCost.js": {"path":"/home/elena/projects-2/cuddly-meme/lecture2/calculateRentalCost.js","statementMap":{"0":{"start":{"line":1,"column":35},"end":{"line":20,"column":1}},"1":{"start":{"line":2,"column":19},"end":{"line":2,"column":20}},"2":{"start":{"line":3,"column":29},"end":{"line":3,"column":31}},"3":{"start":{"line":4,"column":35},"end":{"line":4,"column":37}},"4":{"start":{"line":5,"column":37},"end":{"line":5,"column":39}},"5":{"start":{"line":7,"column":2},"end":{"line":9,"column":3}},"6":{"start":{"line":8,"column":4},"end":{"line":8,"column":43}},"7":{"start":{"line":11,"column":2},"end":{"line":17,"column":3}},"8":{"start":{"line":12,"column":4},"end":{"line":12,"column":43}},"9":{"start":{"line":13,"column":9},"end":{"line":17,"column":3}},"10":{"start":{"line":14,"column":4},"end":{"line":14,"column":70}},"11":{"start":{"line":16,"column":4},"end":{"line":16,"column":72}},"12":{"start":{"line":19,"column":2},"end":{"line":19,"column":20}}},"fnMap":{"0":{"name":"(anonymous_0)","decl":{"start":{"line":1,"column":35},"end":{"line":1,"column":36}},"loc":{"start":{"line":1,"column":45},"end":{"line":20,"column":1}},"line":1}},"branchMap":{"0":{"loc":{"start":{"line":7,"column":2},"end":{"line":9,"column":3}},"type":"if","locations":[{"start":{"line":7,"column":2},"end":{"line":9,"column":3}},{"start":{},"end":{}}],"line":7},"1":{"loc":{"start":{"line":11,"column":2},"end":{"line":17,"column":3}},"type":"if","locations":[{"start":{"line":11,"column":2},"end":{"line":17,"column":3}},{"start":{"line":13,"column":9},"end":{"line":17,"column":3}}],"line":11},"2":{"loc":{"start":{"line":13,"column":9},"end":{"line":17,"column":3}},"type":"if","locations":[{"start":{"line":13,"column":9},"end":{"line":17,"column":3}},{"start":{"line":15,"column":9},"end":{"line":17,"column":3}}],"line":13},"3":{"loc":{"start":{"line":13,"column":13},"end":{"line":13,"column":34}},"type":"binary-expr","locations":[{"start":{"line":13,"column":13},"end":{"line":13,"column":22}},{"start":{"line":13,"column":26},"end":{"line":13,"column":34}}],"line":13}},"s":{"0":1,"1":3,"2":3,"3":3,"4":3,"5":3,"6":0,"7":3,"8":1,"9":2,"10":1,"11":1,"12":3},"f":{"0":3},"b":{"0":[0,3],"1":[1,2],"2":[1,1],"3":[2,2]},"_coverageSchema":"1a1c01bbd47fc00a2c39e90264f33305004495a9","hash":"f5c1ceb1d28b6c022eaeb9dc5f1f7798341e079b"}
,"/home/elena/projects-2/cuddly-meme/lecture2/createAdder.js": {"path":"/home/elena/projects-2/cuddly-meme/lecture2/createAdder.js","statementMap":{"0":{"start":{"line":1,"column":27},"end":{"line":7,"column":1}},"1":{"start":{"line":2,"column":12},"end":{"line":2,"column":24}},"2":{"start":{"line":4,"column":2},"end":{"line":6,"column":4}},"3":{"start":{"line":5,"column":4},"end":{"line":5,"column":62}},"4":{"start":{"line":5,"column":46},"end":{"line":5,"column":57}}},"fnMap":{"0":{"name":"(anonymous_0)","decl":{"start":{"line":1,"column":27},"end":{"line":1,"column":28}},"loc":{"start":{"line":1,"column":49},"end":{"line":7,"column":1}},"line":1},"1":{"name":"(anonymous_1)","decl":{"start":{"line":4,"column":9},"end":{"line":4,"column":10}},"loc":{"start":{"line":4,"column":22},"end":{"line":6,"column":3}},"line":4},"2":{"name":"(anonymous_2)","decl":{"start":{"line":5,"column":30},"end":{"line":5,"column":31}},"loc":{"start":{"line":5,"column":46},"end":{"line":5,"column":57}},"line":5}},"branchMap":{"0":{"loc":{"start":{"line":1,"column":28},"end":{"line":1,"column":44}},"type":"default-arg","locations":[{"start":{"line":1,"column":43},"end":{"line":1,"column":44}}],"line":1}},"s":{"0":1,"1":2,"2":2,"3":6,"4":8},"f":{"0":2,"1":6,"2":8},"b":{"0":[1]},"_coverageSchema":"1a1c01bbd47fc00a2c39e90264f33305004495a9","hash":"8967e1f07200b633a0de25812d4d235875caaae3"}
,"/home/elena/projects-2/cuddly-meme/lecture2/createPrevArgSaver.js": {"path":"/home/elena/projects-2/cuddly-meme/lecture2/createPrevArgSaver.js","statementMap":{"0":{"start":{"line":1,"column":34},"end":{"line":12,"column":1}},"1":{"start":{"line":3,"column":17},"end":{"line":9,"column":3}},"2":{"start":{"line":4,"column":17},"end":{"line":4,"column":26}},"3":{"start":{"line":6,"column":4},"end":{"line":6,"column":20}},"4":{"start":{"line":8,"column":4},"end":{"line":8,"column":16}},"5":{"start":{"line":11,"column":2},"end":{"line":11,"column":16}}},"fnMap":{"0":{"name":"(anonymous_0)","decl":{"start":{"line":1,"column":34},"end":{"line":1,"column":35}},"loc":{"start":{"line":1,"column":40},"end":{"line":12,"column":1}},"line":1},"1":{"name":"(anonymous_1)","decl":{"start":{"line":3,"column":17},"end":{"line":3,"column":18}},"loc":{"start":{"line":3,"column":26},"end":{"line":9,"column":3}},"line":3}},"branchMap":{},"s":{"0":1,"1":2,"2":5,"3":5,"4":5,"5":2},"f":{"0":2,"1":5},"b":{},"_coverageSchema":"1a1c01bbd47fc00a2c39e90264f33305004495a9","hash":"af62ae37454c23f503d6783521439859d32a1658"}
,"/home/elena/projects-2/cuddly-meme/lecture2/createUrl.js": {"path":"/home/elena/projects-2/cuddly-meme/lecture2/createUrl.js","statementMap":{"0":{"start":{"line":1,"column":25},"end":{"line":13,"column":1}},"1":{"start":{"line":2,"column":19},"end":{"line":2,"column":41}},"2":{"start":{"line":4,"column":2},"end":{"line":10,"column":5}},"3":{"start":{"line":5,"column":31},"end":{"line":5,"column":67}},"4":{"start":{"line":6,"column":18},"end":{"line":6,"column":44}},"5":{"start":{"line":9,"column":4},"end":{"line":9,"column":44}},"6":{"start":{"line":12,"column":2},"end":{"line":12,"column":16}}},"fnMap":{"0":{"name":"(anonymous_0)","decl":{"start":{"line":1,"column":25},"end":{"line":1,"column":26}},"loc":{"start":{"line":1,"column":45},"end":{"line":13,"column":1}},"line":1},"1":{"name":"(anonymous_1)","decl":{"start":{"line":4,"column":19},"end":{"line":4,"column":20}},"loc":{"start":{"line":4,"column":30},"end":{"line":10,"column":3}},"line":4}},"branchMap":{},"s":{"0":1,"1":3,"2":3,"3":4,"4":4,"5":4,"6":3},"f":{"0":3,"1":4},"b":{},"_coverageSchema":"1a1c01bbd47fc00a2c39e90264f33305004495a9","hash":"faa92e47ddf76a046948c4198f0131c52a07ef2f"}
,"/home/elena/projects-2/cuddly-meme/lecture2/fearNotLetter.js": {"path":"/home/elena/projects-2/cuddly-meme/lecture2/fearNotLetter.js","statementMap":{"0":{"start":{"line":1,"column":29},"end":{"line":18,"column":1}},"1":{"start":{"line":2,"column":2},"end":{"line":4,"column":3}},"2":{"start":{"line":3,"column":4},"end":{"line":3,"column":43}},"3":{"start":{"line":6,"column":20},"end":{"line":6,"column":45}},"4":{"start":{"line":9,"column":2},"end":{"line":15,"column":3}},"5":{"start":{"line":9,"column":15},"end":{"line":9,"column":16}},"6":{"start":{"line":10,"column":4},"end":{"line":13,"column":5}},"7":{"start":{"line":11,"column":6},"end":{"line":11,"column":55}},"8":{"start":{"line":12,"column":6},"end":{"line":12,"column":20}},"9":{"start":{"line":14,"column":4},"end":{"line":14,"column":18}},"10":{"start":{"line":17,"column":2},"end":{"line":17,"column":23}}},"fnMap":{"0":{"name":"(anonymous_0)","decl":{"start":{"line":1,"column":29},"end":{"line":1,"column":30}},"loc":{"start":{"line":1,"column":42},"end":{"line":18,"column":1}},"line":1}},"branchMap":{"0":{"loc":{"start":{"line":2,"column":2},"end":{"line":4,"column":3}},"type":"if","locations":[{"start":{"line":2,"column":2},"end":{"line":4,"column":3}},{"start":{},"end":{}}],"line":2},"1":{"loc":{"start":{"line":10,"column":4},"end":{"line":13,"column":5}},"type":"if","locations":[{"start":{"line":10,"column":4},"end":{"line":13,"column":5}},{"start":{},"end":{}}],"line":10}},"s":{"0":1,"1":4,"2":0,"3":4,"4":4,"5":4,"6":45,"7":3,"8":3,"9":45,"10":4},"f":{"0":4},"b":{"0":[0,4],"1":[3,42]},"_coverageSchema":"1a1c01bbd47fc00a2c39e90264f33305004495a9","hash":"3292226dab02cc0b449393a519e013017854dd73"}
,"/home/elena/projects-2/cuddly-meme/lecture2/frankenSplice.js": {"path":"/home/elena/projects-2/cuddly-meme/lecture2/frankenSplice.js","statementMap":{"0":{"start":{"line":1,"column":29},"end":{"line":11,"column":1}},"1":{"start":{"line":2,"column":2},"end":{"line":4,"column":3}},"2":{"start":{"line":3,"column":4},"end":{"line":3,"column":43}},"3":{"start":{"line":6,"column":23},"end":{"line":6,"column":36}},"4":{"start":{"line":8,"column":2},"end":{"line":8,"column":40}},"5":{"start":{"line":10,"column":2},"end":{"line":10,"column":22}}},"fnMap":{"0":{"name":"(anonymous_0)","decl":{"start":{"line":1,"column":29},"end":{"line":1,"column":30}},"loc":{"start":{"line":1,"column":52},"end":{"line":11,"column":1}},"line":1}},"branchMap":{"0":{"loc":{"start":{"line":2,"column":2},"end":{"line":4,"column":3}},"type":"if","locations":[{"start":{"line":2,"column":2},"end":{"line":4,"column":3}},{"start":{},"end":{}}],"line":2},"1":{"loc":{"start":{"line":2,"column":6},"end":{"line":2,"column":79}},"type":"binary-expr","locations":[{"start":{"line":2,"column":6},"end":{"line":2,"column":27}},{"start":{"line":2,"column":31},"end":{"line":2,"column":52}},{"start":{"line":2,"column":56},"end":{"line":2,"column":79}}],"line":2}},"s":{"0":1,"1":3,"2":0,"3":3,"4":3,"5":3},"f":{"0":3},"b":{"0":[0,3],"1":[3,3,3]},"_coverageSchema":"1a1c01bbd47fc00a2c39e90264f33305004495a9","hash":"1f1d46260a9386aea48f83f2fbe9f9b5bfb6cbaa"}
,"/home/elena/projects-2/cuddly-meme/lecture2/invertColor.js": {"path":"/home/elena/projects-2/cuddly-meme/lecture2/invertColor.js","statementMap":{"0":{"start":{"line":1,"column":27},"end":{"line":19,"column":1}},"1":{"start":{"line":2,"column":2},"end":{"line":4,"column":3}},"2":{"start":{"line":3,"column":4},"end":{"line":3,"column":43}},"3":{"start":{"line":6,"column":16},"end":{"line":6,"column":33}},"4":{"start":{"line":8,"column":17},"end":{"line":8,"column":82}},"5":{"start":{"line":9,"column":19},"end":{"line":9,"column":40}},"6":{"start":{"line":10,"column":21},"end":{"line":10,"column":24}},"7":{"start":{"line":12,"column":2},"end":{"line":16,"column":5}},"8":{"start":{"line":13,"column":18},"end":{"line":13,"column":38}},"9":{"start":{"line":15,"column":4},"end":{"line":15,"column":36}},"10":{"start":{"line":18,"column":2},"end":{"line":18,"column":22}}},"fnMap":{"0":{"name":"(anonymous_0)","decl":{"start":{"line":1,"column":27},"end":{"line":1,"column":28}},"loc":{"start":{"line":1,"column":36},"end":{"line":19,"column":1}},"line":1},"1":{"name":"(anonymous_1)","decl":{"start":{"line":12,"column":42},"end":{"line":12,"column":43}},"loc":{"start":{"line":12,"column":50},"end":{"line":16,"column":3}},"line":12}},"branchMap":{"0":{"loc":{"start":{"line":2,"column":2},"end":{"line":4,"column":3}},"type":"if","locations":[{"start":{"line":2,"column":2},"end":{"line":4,"column":3}},{"start":{},"end":{}}],"line":2}},"s":{"0":1,"1":3,"2":0,"3":3,"4":3,"5":3,"6":3,"7":3,"8":18,"9":18,"10":3},"f":{"0":3,"1":18},"b":{"0":[0,3]},"_coverageSchema":"1a1c01bbd47fc00a2c39e90264f33305004495a9","hash":"bb97f30d066384b4253b0617aaab0c5049baa07b"}
,"/home/elena/projects-2/cuddly-meme/lecture2/invertObject.js": {"path":"/home/elena/projects-2/cuddly-meme/lecture2/invertObject.js","statementMap":{"0":{"start":{"line":1,"column":28},"end":{"line":15,"column":1}},"1":{"start":{"line":2,"column":17},"end":{"line":2,"column":38}},"2":{"start":{"line":4,"column":2},"end":{"line":6,"column":3}},"3":{"start":{"line":5,"column":4},"end":{"line":5,"column":16}},"4":{"start":{"line":8,"column":25},"end":{"line":8,"column":27}},"5":{"start":{"line":10,"column":2},"end":{"line":12,"column":3}},"6":{"start":{"line":11,"column":4},"end":{"line":11,"column":38}},"7":{"start":{"line":14,"column":2},"end":{"line":14,"column":24}}},"fnMap":{"0":{"name":"(anonymous_0)","decl":{"start":{"line":1,"column":28},"end":{"line":1,"column":29}},"loc":{"start":{"line":1,"column":40},"end":{"line":15,"column":1}},"line":1}},"branchMap":{"0":{"loc":{"start":{"line":4,"column":2},"end":{"line":6,"column":3}},"type":"if","locations":[{"start":{"line":4,"column":2},"end":{"line":6,"column":3}},{"start":{},"end":{}}],"line":4}},"s":{"0":1,"1":4,"2":4,"3":1,"4":3,"5":3,"6":4,"7":3},"f":{"0":4},"b":{"0":[1,3]},"_coverageSchema":"1a1c01bbd47fc00a2c39e90264f33305004495a9","hash":"5093ab01f975976df32d458c2ce08d698761275d"}
,"/home/elena/projects-2/cuddly-meme/lecture2/isPrime.js": {"path":"/home/elena/projects-2/cuddly-meme/lecture2/isPrime.js","statementMap":{"0":{"start":{"line":1,"column":23},"end":{"line":13,"column":1}},"1":{"start":{"line":2,"column":2},"end":{"line":4,"column":3}},"2":{"start":{"line":3,"column":4},"end":{"line":3,"column":43}},"3":{"start":{"line":6,"column":2},"end":{"line":10,"column":3}},"4":{"start":{"line":6,"column":14},"end":{"line":6,"column":15}},"5":{"start":{"line":7,"column":4},"end":{"line":9,"column":5}},"6":{"start":{"line":8,"column":6},"end":{"line":8,"column":19}},"7":{"start":{"line":12,"column":2},"end":{"line":12,"column":20}}},"fnMap":{"0":{"name":"(anonymous_0)","decl":{"start":{"line":1,"column":23},"end":{"line":1,"column":24}},"loc":{"start":{"line":1,"column":35},"end":{"line":13,"column":1}},"line":1}},"branchMap":{"0":{"loc":{"start":{"line":2,"column":2},"end":{"line":4,"column":3}},"type":"if","locations":[{"start":{"line":2,"column":2},"end":{"line":4,"column":3}},{"start":{},"end":{}}],"line":2},"1":{"loc":{"start":{"line":7,"column":4},"end":{"line":9,"column":5}},"type":"if","locations":[{"start":{"line":7,"column":4},"end":{"line":9,"column":5}},{"start":{},"end":{}}],"line":7}},"s":{"0":1,"1":5,"2":0,"3":5,"4":5,"5":73,"6":1,"7":4},"f":{"0":5},"b":{"0":[0,5],"1":[1,72]},"_coverageSchema":"1a1c01bbd47fc00a2c39e90264f33305004495a9","hash":"f3387e625917ea811c987cedac59b485207c03ee"}
,"/home/elena/projects-2/cuddly-meme/lecture2/makeArmy.js": {"path":"/home/elena/projects-2/cuddly-meme/lecture2/makeArmy.js","statementMap":{"0":{"start":{"line":1,"column":24},"end":{"line":17,"column":1}},"1":{"start":{"line":2,"column":2},"end":{"line":4,"column":3}},"2":{"start":{"line":3,"column":4},"end":{"line":3,"column":43}},"3":{"start":{"line":6,"column":15},"end":{"line":6,"column":17}},"4":{"start":{"line":7,"column":16},"end":{"line":7,"column":17}},"5":{"start":{"line":9,"column":2},"end":{"line":14,"column":3}},"6":{"start":{"line":10,"column":17},"end":{"line":10,"column":24}},"7":{"start":{"line":12,"column":4},"end":{"line":12,"column":26}},"8":{"start":{"line":12,"column":20},"end":{"line":12,"column":24}},"9":{"start":{"line":13,"column":4},"end":{"line":13,"column":14}},"10":{"start":{"line":16,"column":2},"end":{"line":16,"column":14}}},"fnMap":{"0":{"name":"(anonymous_0)","decl":{"start":{"line":1,"column":24},"end":{"line":1,"column":25}},"loc":{"start":{"line":1,"column":36},"end":{"line":17,"column":1}},"line":1},"1":{"name":"(anonymous_1)","decl":{"start":{"line":12,"column":14},"end":{"line":12,"column":15}},"loc":{"start":{"line":12,"column":20},"end":{"line":12,"column":24}},"line":12}},"branchMap":{"0":{"loc":{"start":{"line":2,"column":2},"end":{"line":4,"column":3}},"type":"if","locations":[{"start":{"line":2,"column":2},"end":{"line":4,"column":3}},{"start":{},"end":{}}],"line":2}},"s":{"0":1,"1":3,"2":0,"3":3,"4":3,"5":3,"6":30,"7":30,"8":3,"9":30,"10":3},"f":{"0":3,"1":3},"b":{"0":[0,3]},"_coverageSchema":"1a1c01bbd47fc00a2c39e90264f33305004495a9","hash":"289d2a9d1ec15b556766e66b0e0989e411a6aa1a"}
,"/home/elena/projects-2/cuddly-meme/lecture2/moveZeros.js": {"path":"/home/elena/projects-2/cuddly-meme/lecture2/moveZeros.js","statementMap":{"0":{"start":{"line":1,"column":25},"end":{"line":10,"column":1}},"1":{"start":{"line":2,"column":2},"end":{"line":4,"column":3}},"2":{"start":{"line":3,"column":4},"end":{"line":3,"column":43}},"3":{"start":{"line":6,"column":16},"end":{"line":6,"column":58}},"4":{"start":{"line":6,"column":46},"end":{"line":6,"column":57}},"5":{"start":{"line":7,"column":22},"end":{"line":7,"column":64}},"6":{"start":{"line":7,"column":52},"end":{"line":7,"column":63}},"7":{"start":{"line":9,"column":2},"end":{"line":9,"column":35}}},"fnMap":{"0":{"name":"(anonymous_0)","decl":{"start":{"line":1,"column":25},"end":{"line":1,"column":26}},"loc":{"start":{"line":1,"column":44},"end":{"line":10,"column":1}},"line":1},"1":{"name":"(anonymous_1)","decl":{"start":{"line":6,"column":37},"end":{"line":6,"column":38}},"loc":{"start":{"line":6,"column":46},"end":{"line":6,"column":57}},"line":6},"2":{"name":"(anonymous_2)","decl":{"start":{"line":7,"column":43},"end":{"line":7,"column":44}},"loc":{"start":{"line":7,"column":52},"end":{"line":7,"column":63}},"line":7}},"branchMap":{"0":{"loc":{"start":{"line":2,"column":2},"end":{"line":4,"column":3}},"type":"if","locations":[{"start":{"line":2,"column":2},"end":{"line":4,"column":3}},{"start":{},"end":{}}],"line":2}},"s":{"0":1,"1":1,"2":0,"3":1,"4":9,"5":1,"6":9,"7":1},"f":{"0":1,"1":9,"2":9},"b":{"0":[0,1]},"_coverageSchema":"1a1c01bbd47fc00a2c39e90264f33305004495a9","hash":"7ba7400dec08f99867bb0ff8e00f94b1abb9c248"}
,"/home/elena/projects-2/cuddly-meme/lecture2/openOrSenior.js": {"path":"/home/elena/projects-2/cuddly-meme/lecture2/openOrSenior.js","statementMap":{"0":{"start":{"line":1,"column":28},"end":{"line":14,"column":1}},"1":{"start":{"line":2,"column":2},"end":{"line":4,"column":3}},"2":{"start":{"line":3,"column":4},"end":{"line":3,"column":43}},"3":{"start":{"line":6,"column":14},"end":{"line":6,"column":16}},"4":{"start":{"line":8,"column":21},"end":{"line":8,"column":23}},"5":{"start":{"line":10,"column":29},"end":{"line":11,"column":76}},"6":{"start":{"line":11,"column":14},"end":{"line":11,"column":75}},"7":{"start":{"line":13,"column":2},"end":{"line":13,"column":28}}},"fnMap":{"0":{"name":"(anonymous_0)","decl":{"start":{"line":1,"column":28},"end":{"line":1,"column":29}},"loc":{"start":{"line":1,"column":45},"end":{"line":14,"column":1}},"line":1},"1":{"name":"(anonymous_1)","decl":{"start":{"line":11,"column":4},"end":{"line":11,"column":5}},"loc":{"start":{"line":11,"column":14},"end":{"line":11,"column":75}},"line":11}},"branchMap":{"0":{"loc":{"start":{"line":2,"column":2},"end":{"line":4,"column":3}},"type":"if","locations":[{"start":{"line":2,"column":2},"end":{"line":4,"column":3}},{"start":{},"end":{}}],"line":2},"1":{"loc":{"start":{"line":11,"column":14},"end":{"line":11,"column":75}},"type":"cond-expr","locations":[{"start":{"line":11,"column":58},"end":{"line":11,"column":66}},{"start":{"line":11,"column":69},"end":{"line":11,"column":75}}],"line":11},"2":{"loc":{"start":{"line":11,"column":15},"end":{"line":11,"column":54}},"type":"binary-expr","locations":[{"start":{"line":11,"column":15},"end":{"line":11,"column":29}},{"start":{"line":11,"column":33},"end":{"line":11,"column":54}}],"line":11}},"s":{"0":1,"1":2,"2":0,"3":2,"4":2,"5":2,"6":8,"7":2},"f":{"0":2,"1":8},"b":{"0":[0,2],"1":[2,6],"2":[8,3]},"_coverageSchema":"1a1c01bbd47fc00a2c39e90264f33305004495a9","hash":"c0faa94e140275e214e501bea4aca7e875063c13"}
,"/home/elena/projects-2/cuddly-meme/lecture2/reverseWords.js": {"path":"/home/elena/projects-2/cuddly-meme/lecture2/reverseWords.js","statementMap":{"0":{"start":{"line":1,"column":29},"end":{"line":16,"column":1}},"1":{"start":{"line":2,"column":25},"end":{"line":2,"column":27}},"2":{"start":{"line":4,"column":2},"end":{"line":6,"column":3}},"3":{"start":{"line":5,"column":4},"end":{"line":5,"column":43}},"4":{"start":{"line":8,"column":16},"end":{"line":8,"column":33}},"5":{"start":{"line":10,"column":2},"end":{"line":13,"column":3}},"6":{"start":{"line":11,"column":4},"end":{"line":11,"column":45}},"7":{"start":{"line":12,"column":4},"end":{"line":12,"column":30}},"8":{"start":{"line":15,"column":2},"end":{"line":15,"column":34}}},"fnMap":{"0":{"name":"(anonymous_0)","decl":{"start":{"line":1,"column":29},"end":{"line":1,"column":30}},"loc":{"start":{"line":1,"column":41},"end":{"line":16,"column":1}},"line":1}},"branchMap":{"0":{"loc":{"start":{"line":4,"column":2},"end":{"line":6,"column":3}},"type":"if","locations":[{"start":{"line":4,"column":2},"end":{"line":6,"column":3}},{"start":{},"end":{}}],"line":4}},"s":{"0":1,"1":2,"2":2,"3":0,"4":2,"5":2,"6":12,"7":12,"8":2},"f":{"0":2},"b":{"0":[0,2]},"_coverageSchema":"1a1c01bbd47fc00a2c39e90264f33305004495a9","hash":"36bffa649d99facdd03a34b3ba903e8abe4cbb47"}
,"/home/elena/projects-2/cuddly-meme/lecture2/squareList.js": {"path":"/home/elena/projects-2/cuddly-meme/lecture2/squareList.js","statementMap":{"0":{"start":{"line":1,"column":26},"end":{"line":19,"column":1}},"1":{"start":{"line":2,"column":2},"end":{"line":4,"column":3}},"2":{"start":{"line":3,"column":4},"end":{"line":3,"column":43}},"3":{"start":{"line":6,"column":2},"end":{"line":13,"column":9}},"4":{"start":{"line":7,"column":4},"end":{"line":9,"column":5}},"5":{"start":{"line":8,"column":6},"end":{"line":8,"column":45}},"6":{"start":{"line":11,"column":4},"end":{"line":11,"column":22}}},"fnMap":{"0":{"name":"(anonymous_0)","decl":{"start":{"line":1,"column":26},"end":{"line":1,"column":27}},"loc":{"start":{"line":1,"column":39},"end":{"line":19,"column":1}},"line":1},"1":{"name":"(anonymous_1)","decl":{"start":{"line":6,"column":24},"end":{"line":6,"column":25}},"loc":{"start":{"line":6,"column":43},"end":{"line":13,"column":3}},"line":6}},"branchMap":{"0":{"loc":{"start":{"line":2,"column":2},"end":{"line":4,"column":3}},"type":"if","locations":[{"start":{"line":2,"column":2},"end":{"line":4,"column":3}},{"start":{},"end":{}}],"line":2},"1":{"loc":{"start":{"line":7,"column":4},"end":{"line":9,"column":5}},"type":"if","locations":[{"start":{"line":7,"column":4},"end":{"line":9,"column":5}},{"start":{},"end":{}}],"line":7},"2":{"loc":{"start":{"line":7,"column":8},"end":{"line":7,"column":57}},"type":"binary-expr","locations":[{"start":{"line":7,"column":8},"end":{"line":7,"column":32}},{"start":{"line":7,"column":36},"end":{"line":7,"column":57}}],"line":7}},"s":{"0":1,"1":2,"2":0,"3":2,"4":17,"5":6,"6":11},"f":{"0":2,"1":17},"b":{"0":[0,2],"1":[6,11],"2":[17,9]},"_coverageSchema":"1a1c01bbd47fc00a2c39e90264f33305004495a9","hash":"4756b358902a253c688b3e645029db41b3cf8366"}
,"/home/elena/projects-2/cuddly-meme/lecture2/transformState.js": {"path":"/home/elena/projects-2/cuddly-meme/lecture2/transformState.js","statementMap":{"0":{"start":{"line":1,"column":30},"end":{"line":33,"column":1}},"1":{"start":{"line":2,"column":2},"end":{"line":4,"column":3}},"2":{"start":{"line":3,"column":4},"end":{"line":3,"column":43}},"3":{"start":{"line":6,"column":2},"end":{"line":30,"column":5}},"4":{"start":{"line":7,"column":4},"end":{"line":29,"column":5}},"5":{"start":{"line":8,"column":28},"end":{"line":8,"column":43}},"6":{"start":{"line":10,"column":6},"end":{"line":14,"column":7}},"7":{"start":{"line":11,"column":31},"end":{"line":11,"column":34}},"8":{"start":{"line":13,"column":8},"end":{"line":13,"column":51}},"9":{"start":{"line":15,"column":11},"end":{"line":29,"column":5}},"10":{"start":{"line":16,"column":6},"end":{"line":16,"column":59}},"11":{"start":{"line":16,"column":40},"end":{"line":16,"column":57}},"12":{"start":{"line":17,"column":11},"end":{"line":29,"column":5}},"13":{"start":{"line":18,"column":30},"end":{"line":18,"column":45}},"14":{"start":{"line":20,"column":6},"end":{"line":28,"column":7}},"15":{"start":{"line":21,"column":34},"end":{"line":21,"column":37}},"16":{"start":{"line":23,"column":8},"end":{"line":27,"column":11}},"17":{"start":{"line":24,"column":10},"end":{"line":26,"column":11}},"18":{"start":{"line":25,"column":12},"end":{"line":25,"column":44}},"19":{"start":{"line":32,"column":2},"end":{"line":32,"column":15}}},"fnMap":{"0":{"name":"(anonymous_0)","decl":{"start":{"line":1,"column":30},"end":{"line":1,"column":31}},"loc":{"start":{"line":1,"column":53},"end":{"line":33,"column":1}},"line":1},"1":{"name":"(anonymous_1)","decl":{"start":{"line":6,"column":21},"end":{"line":6,"column":22}},"loc":{"start":{"line":6,"column":31},"end":{"line":30,"column":3}},"line":6},"2":{"name":"(anonymous_2)","decl":{"start":{"line":16,"column":33},"end":{"line":16,"column":34}},"loc":{"start":{"line":16,"column":40},"end":{"line":16,"column":57}},"line":16},"3":{"name":"(anonymous_3)","decl":{"start":{"line":23,"column":32},"end":{"line":23,"column":33}},"loc":{"start":{"line":23,"column":46},"end":{"line":27,"column":9}},"line":23}},"branchMap":{"0":{"loc":{"start":{"line":2,"column":2},"end":{"line":4,"column":3}},"type":"if","locations":[{"start":{"line":2,"column":2},"end":{"line":4,"column":3}},{"start":{},"end":{}}],"line":2},"1":{"loc":{"start":{"line":2,"column":6},"end":{"line":2,"column":85}},"type":"binary-expr","locations":[{"start":{"line":2,"column":6},"end":{"line":2,"column":31}},{"start":{"line":2,"column":35},"end":{"line":2,"column":49}},{"start":{"line":2,"column":53},"end":{"line":2,"column":85}}],"line":2},"2":{"loc":{"start":{"line":7,"column":4},"end":{"line":29,"column":5}},"type":"if","locations":[{"start":{"line":7,"column":4},"end":{"line":29,"column":5}},{"start":{"line":15,"column":11},"end":{"line":29,"column":5}}],"line":7},"3":{"loc":{"start":{"line":15,"column":11},"end":{"line":29,"column":5}},"type":"if","locations":[{"start":{"line":15,"column":11},"end":{"line":29,"column":5}},{"start":{"line":17,"column":11},"end":{"line":29,"column":5}}],"line":15},"4":{"loc":{"start":{"line":17,"column":11},"end":{"line":29,"column":5}},"type":"if","locations":[{"start":{"line":17,"column":11},"end":{"line":29,"column":5}},{"start":{},"end":{}}],"line":17},"5":{"loc":{"start":{"line":24,"column":10},"end":{"line":26,"column":11}},"type":"if","locations":[{"start":{"line":24,"column":10},"end":{"line":26,"column":11}},{"start":{},"end":{}}],"line":24}},"s":{"0":1,"1":4,"2":0,"3":4,"4":13,"5":5,"6":5,"7":7,"8":7,"9":8,"10":6,"11":10,"12":2,"13":2,"14":2,"15":5,"16":5,"17":7,"18":2,"19":4},"f":{"0":4,"1":13,"2":10,"3":7},"b":{"0":[0,4],"1":[4,4,4],"2":[5,8],"3":[6,2],"4":[2,0],"5":[2,5]},"_coverageSchema":"1a1c01bbd47fc00a2c39e90264f33305004495a9","hash":"d94e88db793fff0cb0ae10cdf6bfc32df8ca69df"}
,"/home/elena/projects-2/cuddly-meme/lecture2/transformStateWithClones.js": {"path":"/home/elena/projects-2/cuddly-meme/lecture2/transformStateWithClones.js","statementMap":{"0":{"start":{"line":1,"column":40},"end":{"line":35,"column":1}},"1":{"start":{"line":2,"column":2},"end":{"line":4,"column":3}},"2":{"start":{"line":3,"column":4},"end":{"line":3,"column":43}},"3":{"start":{"line":6,"column":21},"end":{"line":6,"column":31}},"4":{"start":{"line":8,"column":31},"end":{"line":8,"column":33}},"5":{"start":{"line":10,"column":2},"end":{"line":32,"column":5}},"6":{"start":{"line":11,"column":4},"end":{"line":29,"column":5}},"7":{"start":{"line":12,"column":28},"end":{"line":12,"column":43}},"8":{"start":{"line":14,"column":6},"end":{"line":16,"column":7}},"9":{"start":{"line":15,"column":8},"end":{"line":15,"column":45}},"10":{"start":{"line":17,"column":11},"end":{"line":29,"column":5}},"11":{"start":{"line":18,"column":6},"end":{"line":18,"column":69}},"12":{"start":{"line":18,"column":45},"end":{"line":18,"column":67}},"13":{"start":{"line":19,"column":12},"end":{"line":29,"column":5}},"14":{"start":{"line":20,"column":30},"end":{"line":20,"column":45}},"15":{"start":{"line":22,"column":6},"end":{"line":28,"column":7}},"16":{"start":{"line":23,"column":8},"end":{"line":27,"column":11}},"17":{"start":{"line":24,"column":10},"end":{"line":26,"column":11}},"18":{"start":{"line":25,"column":12},"end":{"line":25,"column":35}},"19":{"start":{"line":31,"column":4},"end":{"line":31,"column":47}},"20":{"start":{"line":34,"column":2},"end":{"line":34,"column":30}}},"fnMap":{"0":{"name":"(anonymous_0)","decl":{"start":{"line":1,"column":40},"end":{"line":1,"column":41}},"loc":{"start":{"line":1,"column":63},"end":{"line":35,"column":1}},"line":1},"1":{"name":"(anonymous_1)","decl":{"start":{"line":10,"column":21},"end":{"line":10,"column":22}},"loc":{"start":{"line":10,"column":31},"end":{"line":32,"column":3}},"line":10},"2":{"name":"(anonymous_2)","decl":{"start":{"line":18,"column":38},"end":{"line":18,"column":39}},"loc":{"start":{"line":18,"column":45},"end":{"line":18,"column":67}},"line":18},"3":{"name":"(anonymous_3)","decl":{"start":{"line":23,"column":32},"end":{"line":23,"column":33}},"loc":{"start":{"line":23,"column":46},"end":{"line":27,"column":9}},"line":23}},"branchMap":{"0":{"loc":{"start":{"line":2,"column":2},"end":{"line":4,"column":3}},"type":"if","locations":[{"start":{"line":2,"column":2},"end":{"line":4,"column":3}},{"start":{},"end":{}}],"line":2},"1":{"loc":{"start":{"line":2,"column":6},"end":{"line":2,"column":79}},"type":"binary-expr","locations":[{"start":{"line":2,"column":6},"end":{"line":2,"column":31}},{"start":{"line":2,"column":35},"end":{"line":2,"column":49}},{"start":{"line":2,"column":53},"end":{"line":2,"column":79}}],"line":2},"2":{"loc":{"start":{"line":11,"column":4},"end":{"line":29,"column":5}},"type":"if","locations":[{"start":{"line":11,"column":4},"end":{"line":29,"column":5}},{"start":{"line":17,"column":11},"end":{"line":29,"column":5}}],"line":11},"3":{"loc":{"start":{"line":17,"column":11},"end":{"line":29,"column":5}},"type":"if","locations":[{"start":{"line":17,"column":11},"end":{"line":29,"column":5}},{"start":{"line":19,"column":12},"end":{"line":29,"column":5}}],"line":17},"4":{"loc":{"start":{"line":19,"column":12},"end":{"line":29,"column":5}},"type":"if","locations":[{"start":{"line":19,"column":12},"end":{"line":29,"column":5}},{"start":{},"end":{}}],"line":19},"5":{"loc":{"start":{"line":24,"column":10},"end":{"line":26,"column":11}},"type":"if","locations":[{"start":{"line":24,"column":10},"end":{"line":26,"column":11}},{"start":{},"end":{}}],"line":24}},"s":{"0":1,"1":3,"2":0,"3":3,"4":3,"5":3,"6":8,"7":5,"8":5,"9":7,"10":3,"11":2,"12":3,"13":1,"14":1,"15":1,"16":4,"17":8,"18":2,"19":8,"20":3},"f":{"0":3,"1":8,"2":3,"3":8},"b":{"0":[0,3],"1":[3,3,3],"2":[5,3],"3":[2,1],"4":[1,0],"5":[2,6]},"_coverageSchema":"1a1c01bbd47fc00a2c39e90264f33305004495a9","hash":"66c4380d472d783f6a1d238a37f532e9cf33c8bb"}
,"/home/elena/projects-2/cuddly-meme/productList/scripts/main.js": {"path":"/home/elena/projects-2/cuddly-meme/productList/scripts/main.js","statementMap":{"0":{"start":{"line":3,"column":36},"end":{"line":13,"column":1}},"1":{"start":{"line":4,"column":2},"end":{"line":12,"column":3}},"2":{"start":{"line":5,"column":25},"end":{"line":5,"column":67}},"3":{"start":{"line":7,"column":17},"end":{"line":7,"column":42}},"4":{"start":{"line":9,"column":4},"end":{"line":9,"column":90}},"5":{"start":{"line":9,"column":31},"end":{"line":9,"column":88}},"6":{"start":{"line":11,"column":4},"end":{"line":11,"column":36}},"7":{"start":{"line":15,"column":0},"end":{"line":17,"column":3}},"8":{"start":{"line":16,"column":2},"end":{"line":16,"column":31}}},"fnMap":{"0":{"name":"(anonymous_0)","decl":{"start":{"line":3,"column":36},"end":{"line":3,"column":37}},"loc":{"start":{"line":3,"column":47},"end":{"line":13,"column":1}},"line":3},"1":{"name":"(anonymous_1)","decl":{"start":{"line":9,"column":21},"end":{"line":9,"column":22}},"loc":{"start":{"line":9,"column":31},"end":{"line":9,"column":88}},"line":9},"2":{"name":"(anonymous_2)","decl":{"start":{"line":15,"column":1},"end":{"line":15,"column":2}},"loc":{"start":{"line":15,"column":12},"end":{"line":17,"column":1}},"line":15}},"branchMap":{"0":{"loc":{"start":{"line":9,"column":31},"end":{"line":9,"column":88}},"type":"binary-expr","locations":[{"start":{"line":9,"column":31},"end":{"line":9,"column":67}},{"start":{"line":9,"column":71},"end":{"line":9,"column":88}}],"line":9}},"s":{"0":1,"1":3,"2":3,"3":2,"4":2,"5":2,"6":1,"7":1,"8":0},"f":{"0":3,"1":2,"2":0},"b":{"0":[2,0]},"_coverageSchema":"1a1c01bbd47fc00a2c39e90264f33305004495a9","hash":"d240ca48cb105e62c5305262d3b3e5b3cd746d36"}
,"/home/elena/projects-2/cuddly-meme/usersWithCompletedTodos/src/scripts/main.js": {"path":"/home/elena/projects-2/cuddly-meme/usersWithCompletedTodos/src/scripts/main.js","statementMap":{"0":{"start":{"line":3,"column":42},"end":{"line":26,"column":1}},"1":{"start":{"line":4,"column":2},"end":{"line":25,"column":3}},"2":{"start":{"line":5,"column":33},"end":{"line":8,"column":6}},"3":{"start":{"line":10,"column":18},"end":{"line":10,"column":39}},"4":{"start":{"line":12,"column":18},"end":{"line":12,"column":39}},"5":{"start":{"line":14,"column":21},"end":{"line":20,"column":6}},"6":{"start":{"line":15,"column":6},"end":{"line":19,"column":8}},"7":{"start":{"line":18,"column":28},"end":{"line":18,"column":69}},"8":{"start":{"line":22,"column":4},"end":{"line":22,"column":20}},"9":{"start":{"line":24,"column":4},"end":{"line":24,"column":38}},"10":{"start":{"line":28,"column":0},"end":{"line":30,"column":3}},"11":{"start":{"line":29,"column":2},"end":{"line":29,"column":37}}},"fnMap":{"0":{"name":"(anonymous_0)","decl":{"start":{"line":3,"column":42},"end":{"line":3,"column":43}},"loc":{"start":{"line":3,"column":53},"end":{"line":26,"column":1}},"line":3},"1":{"name":"(anonymous_1)","decl":{"start":{"line":14,"column":31},"end":{"line":14,"column":32}},"loc":{"start":{"line":14,"column":41},"end":{"line":20,"column":5}},"line":14},"2":{"name":"(anonymous_2)","decl":{"start":{"line":18,"column":18},"end":{"line":18,"column":19}},"loc":{"start":{"line":18,"column":28},"end":{"line":18,"column":69}},"line":18},"3":{"name":"(anonymous_3)","decl":{"start":{"line":28,"column":1},"end":{"line":28,"column":2}},"loc":{"start":{"line":28,"column":12},"end":{"line":30,"column":1}},"line":28}},"branchMap":{"0":{"loc":{"start":{"line":18,"column":28},"end":{"line":18,"column":69}},"type":"binary-expr","locations":[{"start":{"line":18,"column":28},"end":{"line":18,"column":51}},{"start":{"line":18,"column":55},"end":{"line":18,"column":69}}],"line":18}},"s":{"0":1,"1":2,"2":2,"3":2,"4":2,"5":2,"6":2,"7":2,"8":2,"9":0,"10":1,"11":0},"f":{"0":2,"1":2,"2":2,"3":0},"b":{"0":[2,2]},"_coverageSchema":"1a1c01bbd47fc00a2c39e90264f33305004495a9","hash":"8207facbd09e97082605aa528fd95e16405a0e79"}
,"/home/elena/projects-2/cuddly-meme/usersWithPostsAndComments/scripts/main.js": {"path":"/home/elena/projects-2/cuddly-meme/usersWithPostsAndComments/scripts/main.js","statementMap":{"0":{"start":{"line":4,"column":44},"end":{"line":33,"column":1}},"1":{"start":{"line":5,"column":2},"end":{"line":32,"column":3}},"2":{"start":{"line":6,"column":46},"end":{"line":10,"column":6}},"3":{"start":{"line":12,"column":18},"end":{"line":12,"column":31}},"4":{"start":{"line":13,"column":18},"end":{"line":13,"column":31}},"5":{"start":{"line":14,"column":21},"end":{"line":14,"column":37}},"6":{"start":{"line":16,"column":21},"end":{"line":27,"column":6}},"7":{"start":{"line":17,"column":6},"end":{"line":26,"column":8}},"8":{"start":{"line":20,"column":28},"end":{"line":20,"column":51}},"9":{"start":{"line":21,"column":26},"end":{"line":25,"column":11}},"10":{"start":{"line":24,"column":35},"end":{"line":24,"column":61}},"11":{"start":{"line":29,"column":4},"end":{"line":29,"column":20}},"12":{"start":{"line":31,"column":4},"end":{"line":31,"column":38}},"13":{"start":{"line":35,"column":0},"end":{"line":37,"column":3}},"14":{"start":{"line":36,"column":2},"end":{"line":36,"column":39}}},"fnMap":{"0":{"name":"(anonymous_0)","decl":{"start":{"line":4,"column":44},"end":{"line":4,"column":45}},"loc":{"start":{"line":4,"column":55},"end":{"line":33,"column":1}},"line":4},"1":{"name":"(anonymous_1)","decl":{"start":{"line":16,"column":31},"end":{"line":16,"column":32}},"loc":{"start":{"line":16,"column":41},"end":{"line":27,"column":5}},"line":16},"2":{"name":"(anonymous_2)","decl":{"start":{"line":20,"column":18},"end":{"line":20,"column":19}},"loc":{"start":{"line":20,"column":28},"end":{"line":20,"column":51}},"line":20},"3":{"name":"(anonymous_3)","decl":{"start":{"line":21,"column":15},"end":{"line":21,"column":16}},"loc":{"start":{"line":21,"column":26},"end":{"line":25,"column":11}},"line":21},"4":{"name":"(anonymous_4)","decl":{"start":{"line":24,"column":22},"end":{"line":24,"column":23}},"loc":{"start":{"line":24,"column":35},"end":{"line":24,"column":61}},"line":24},"5":{"name":"(anonymous_5)","decl":{"start":{"line":35,"column":1},"end":{"line":35,"column":2}},"loc":{"start":{"line":35,"column":12},"end":{"line":37,"column":1}},"line":35}},"branchMap":{},"s":{"0":1,"1":4,"2":4,"3":3,"4":3,"5":3,"6":3,"7":3,"8":2,"9":2,"10":2,"11":3,"12":1,"13":1,"14":0},"f":{"0":4,"1":3,"2":2,"3":2,"4":2,"5":0},"b":{},"_coverageSchema":"1a1c01bbd47fc00a2c39e90264f33305004495a9","hash":"3c798cc004d175a776edbb80bde933d0ba74f64d"}
}
