TN:
SF:lecture1/index.js
FN:3,(anonymous_0)
FN:20,stringMerge
FN:28,phoneNumber
FN:36,getOperands
FN:44,getTime
FN:52,isPalindrome
FN:61,swapCase
FN:62,(anonymous_7)
FN:75,countOccurrences
FN:90,vowelCount
FN:98,alphabetPosition
FNF:11
FNH:11
FNDA:6,(anonymous_0)
FNDA:4,stringMerge
FNDA:1,phoneNumber
FNDA:4,getOperands
FNDA:4,getTime
FNDA:4,isPalindrome
FNDA:4,swapCase
FNDA:17,(anonymous_7)
FNDA:3,countOccurrences
FNDA:4,vowelCount
FNDA:1,alphabetPosition
DA:3,1
DA:4,6
DA:6,1
DA:8,1
DA:10,1
DA:12,1
DA:14,2
DA:21,4
DA:23,4
DA:29,1
DA:31,1
DA:37,4
DA:39,4
DA:45,4
DA:47,4
DA:53,4
DA:54,4
DA:56,4
DA:62,4
DA:63,17
DA:64,8
DA:66,9
DA:70,4
DA:76,3
DA:77,3
DA:79,3
DA:80,13
DA:81,4
DA:85,3
DA:91,4
DA:93,4
DA:99,1
DA:101,1
DA:102,35
DA:104,35
DA:105,27
DA:109,1
LF:37
LH:37
BRDA:4,0,0,1
BRDA:4,0,1,1
BRDA:4,0,2,1
BRDA:4,0,3,1
BRDA:4,0,4,2
BRDA:45,1,0,4
BRDA:45,1,1,1
BRDA:47,2,0,4
BRDA:47,2,1,1
BRDA:63,3,0,8
BRDA:63,3,1,9
BRDA:80,4,0,4
BRDA:80,4,1,9
BRDA:91,5,0,4
BRDA:91,5,1,1
BRDA:104,6,0,27
BRDA:104,6,1,8
BRDA:104,7,0,35
BRDA:104,7,1,27
BRF:19
BRH:19
end_of_record
TN:
SF:lecture2/calculateRentalCost.js
FN:1,(anonymous_0)
FNF:1
FNH:1
FNDA:3,(anonymous_0)
DA:1,1
DA:2,3
DA:3,3
DA:4,3
DA:5,3
DA:7,3
DA:8,0
DA:11,3
DA:12,1
DA:13,2
DA:14,1
DA:16,1
DA:19,3
LF:13
LH:12
BRDA:7,0,0,0
BRDA:7,0,1,3
BRDA:11,1,0,1
BRDA:11,1,1,2
BRDA:13,2,0,1
BRDA:13,2,1,1
BRDA:13,3,0,2
BRDA:13,3,1,2
BRF:8
BRH:7
end_of_record
TN:
SF:lecture2/createAdder.js
FN:1,(anonymous_0)
FN:4,(anonymous_1)
FN:5,(anonymous_2)
FNF:3
FNH:3
FNDA:2,(anonymous_0)
FNDA:6,(anonymous_1)
FNDA:8,(anonymous_2)
DA:1,1
DA:2,2
DA:4,2
DA:5,8
LF:4
LH:4
BRDA:1,0,0,1
BRF:1
BRH:1
end_of_record
TN:
SF:lecture2/createPrevArgSaver.js
FN:1,(anonymous_0)
FN:3,(anonymous_1)
FNF:2
FNH:2
FNDA:2,(anonymous_0)
FNDA:5,(anonymous_1)
DA:1,1
DA:3,2
DA:4,5
DA:6,5
DA:8,5
DA:11,2
LF:6
LH:6
BRF:0
BRH:0
end_of_record
TN:
SF:lecture2/createUrl.js
FN:1,(anonymous_0)
FN:4,(anonymous_1)
FNF:2
FNH:2
FNDA:3,(anonymous_0)
FNDA:4,(anonymous_1)
DA:1,1
DA:2,3
DA:4,3
DA:5,4
DA:6,4
DA:9,4
DA:12,3
LF:7
LH:7
BRF:0
BRH:0
end_of_record
TN:
SF:lecture2/fearNotLetter.js
FN:1,(anonymous_0)
FNF:1
FNH:1
FNDA:4,(anonymous_0)
DA:1,1
DA:2,4
DA:3,0
DA:6,4
DA:9,4
DA:10,45
DA:11,3
DA:12,3
DA:14,45
DA:17,4
LF:10
LH:9
BRDA:2,0,0,0
BRDA:2,0,1,4
BRDA:10,1,0,3
BRDA:10,1,1,42
BRF:4
BRH:3
end_of_record
TN:
SF:lecture2/frankenSplice.js
FN:1,(anonymous_0)
FNF:1
FNH:1
FNDA:3,(anonymous_0)
DA:1,1
DA:2,3
DA:3,0
DA:6,3
DA:8,3
DA:10,3
LF:6
LH:5
BRDA:2,0,0,0
BRDA:2,0,1,3
BRDA:2,1,0,3
BRDA:2,1,1,3
BRDA:2,1,2,3
BRF:5
BRH:4
end_of_record
TN:
SF:lecture2/invertColor.js
FN:1,(anonymous_0)
FN:12,(anonymous_1)
FNF:2
FNH:2
FNDA:3,(anonymous_0)
FNDA:18,(anonymous_1)
DA:1,1
DA:2,3
DA:3,0
DA:6,3
DA:8,3
DA:9,3
DA:10,3
DA:12,3
DA:13,18
DA:15,18
DA:18,3
LF:11
LH:10
BRDA:2,0,0,0
BRDA:2,0,1,3
BRF:2
BRH:1
end_of_record
TN:
SF:lecture2/invertObject.js
FN:1,(anonymous_0)
FNF:1
FNH:1
FNDA:4,(anonymous_0)
DA:1,1
DA:2,4
DA:4,4
DA:5,1
DA:8,3
DA:10,3
DA:11,4
DA:14,3
LF:8
LH:8
BRDA:4,0,0,1
BRDA:4,0,1,3
BRF:2
BRH:2
end_of_record
TN:
SF:lecture2/isPrime.js
FN:1,(anonymous_0)
FNF:1
FNH:1
FNDA:5,(anonymous_0)
DA:1,1
DA:2,5
DA:3,0
DA:6,5
DA:7,73
DA:8,1
DA:12,4
LF:7
LH:6
BRDA:2,0,0,0
BRDA:2,0,1,5
BRDA:7,1,0,1
BRDA:7,1,1,72
BRF:4
BRH:3
end_of_record
TN:
SF:lecture2/makeArmy.js
FN:1,(anonymous_0)
FN:12,(anonymous_1)
FNF:2
FNH:2
FNDA:3,(anonymous_0)
FNDA:3,(anonymous_1)
DA:1,1
DA:2,3
DA:3,0
DA:6,3
DA:7,3
DA:9,3
DA:10,30
DA:12,30
DA:13,30
DA:16,3
LF:10
LH:9
BRDA:2,0,0,0
BRDA:2,0,1,3
BRF:2
BRH:1
end_of_record
TN:
SF:lecture2/moveZeros.js
FN:1,(anonymous_0)
FN:6,(anonymous_1)
FN:7,(anonymous_2)
FNF:3
FNH:3
FNDA:1,(anonymous_0)
FNDA:9,(anonymous_1)
FNDA:9,(anonymous_2)
DA:1,1
DA:2,1
DA:3,0
DA:6,9
DA:7,9
DA:9,1
LF:6
LH:5
BRDA:2,0,0,0
BRDA:2,0,1,1
BRF:2
BRH:1
end_of_record
TN:
SF:lecture2/openOrSenior.js
FN:1,(anonymous_0)
FN:11,(anonymous_1)
FNF:2
FNH:2
FNDA:2,(anonymous_0)
FNDA:8,(anonymous_1)
DA:1,1
DA:2,2
DA:3,0
DA:6,2
DA:8,2
DA:10,2
DA:11,8
DA:13,2
LF:8
LH:7
BRDA:2,0,0,0
BRDA:2,0,1,2
BRDA:11,1,0,2
BRDA:11,1,1,6
BRDA:11,2,0,8
BRDA:11,2,1,3
BRF:6
BRH:5
end_of_record
TN:
SF:lecture2/reverseWords.js
FN:1,(anonymous_0)
FNF:1
FNH:1
FNDA:2,(anonymous_0)
DA:1,1
DA:2,2
DA:4,2
DA:5,0
DA:8,2
DA:10,2
DA:11,12
DA:12,12
DA:15,2
LF:9
LH:8
BRDA:4,0,0,0
BRDA:4,0,1,2
BRF:2
BRH:1
end_of_record
TN:
SF:lecture2/squareList.js
FN:1,(anonymous_0)
FN:6,(anonymous_1)
FNF:2
FNH:2
FNDA:2,(anonymous_0)
FNDA:17,(anonymous_1)
DA:1,1
DA:2,2
DA:3,0
DA:6,2
DA:7,17
DA:8,6
DA:11,11
LF:7
LH:6
BRDA:2,0,0,0
BRDA:2,0,1,2
BRDA:7,1,0,6
BRDA:7,1,1,11
BRDA:7,2,0,17
BRDA:7,2,1,9
BRF:6
BRH:5
end_of_record
TN:
SF:lecture2/transformState.js
FN:1,(anonymous_0)
FN:6,(anonymous_1)
FN:16,(anonymous_2)
FN:23,(anonymous_3)
FNF:4
FNH:4
FNDA:4,(anonymous_0)
FNDA:13,(anonymous_1)
FNDA:10,(anonymous_2)
FNDA:7,(anonymous_3)
DA:1,1
DA:2,4
DA:3,0
DA:6,4
DA:7,13
DA:8,5
DA:10,5
DA:11,7
DA:13,7
DA:15,8
DA:16,10
DA:17,2
DA:18,2
DA:20,2
DA:21,5
DA:23,5
DA:24,7
DA:25,2
DA:32,4
LF:19
LH:18
BRDA:2,0,0,0
BRDA:2,0,1,4
BRDA:2,1,0,4
BRDA:2,1,1,4
BRDA:2,1,2,4
BRDA:7,2,0,5
BRDA:7,2,1,8
BRDA:15,3,0,6
BRDA:15,3,1,2
BRDA:17,4,0,2
BRDA:17,4,1,0
BRDA:24,5,0,2
BRDA:24,5,1,5
BRF:13
BRH:11
end_of_record
TN:
SF:lecture2/transformStateWithClones.js
FN:1,(anonymous_0)
FN:10,(anonymous_1)
FN:18,(anonymous_2)
FN:23,(anonymous_3)
FNF:4
FNH:4
FNDA:3,(anonymous_0)
FNDA:8,(anonymous_1)
FNDA:3,(anonymous_2)
FNDA:8,(anonymous_3)
DA:1,1
DA:2,3
DA:3,0
DA:6,3
DA:8,3
DA:10,3
DA:11,8
DA:12,5
DA:14,5
DA:15,7
DA:17,3
DA:18,3
DA:19,1
DA:20,1
DA:22,1
DA:23,4
DA:24,8
DA:25,2
DA:31,8
DA:34,3
LF:20
LH:19
BRDA:2,0,0,0
BRDA:2,0,1,3
BRDA:2,1,0,3
BRDA:2,1,1,3
BRDA:2,1,2,3
BRDA:11,2,0,5
BRDA:11,2,1,3
BRDA:17,3,0,2
BRDA:17,3,1,1
BRDA:19,4,0,1
BRDA:19,4,1,0
BRDA:24,5,0,2
BRDA:24,5,1,6
BRF:13
BRH:11
end_of_record
TN:
SF:productList/scripts/main.js
FN:3,(anonymous_0)
FN:9,(anonymous_1)
FN:15,(anonymous_2)
FNF:3
FNH:2
FNDA:3,(anonymous_0)
FNDA:2,(anonymous_1)
FNDA:0,(anonymous_2)
DA:3,1
DA:4,3
DA:5,3
DA:7,2
DA:9,2
DA:11,1
DA:15,1
DA:16,0
LF:8
LH:7
BRDA:9,0,0,2
BRDA:9,0,1,0
BRF:2
BRH:1
end_of_record
TN:
SF:usersWithCompletedTodos/src/scripts/main.js
FN:3,(anonymous_0)
FN:14,(anonymous_1)
FN:18,(anonymous_2)
FN:28,(anonymous_3)
FNF:4
FNH:3
FNDA:2,(anonymous_0)
FNDA:2,(anonymous_1)
FNDA:2,(anonymous_2)
FNDA:0,(anonymous_3)
DA:3,1
DA:4,2
DA:5,2
DA:10,2
DA:12,2
DA:14,2
DA:15,2
DA:18,2
DA:22,2
DA:24,0
DA:28,1
DA:29,0
LF:12
LH:10
BRDA:18,0,0,2
BRDA:18,0,1,2
BRF:2
BRH:2
end_of_record
TN:
SF:usersWithPostsAndComments/scripts/main.js
FN:4,(anonymous_0)
FN:16,(anonymous_1)
FN:20,(anonymous_2)
FN:21,(anonymous_3)
FN:24,(anonymous_4)
FN:35,(anonymous_5)
FNF:6
FNH:5
FNDA:4,(anonymous_0)
FNDA:3,(anonymous_1)
FNDA:2,(anonymous_2)
FNDA:2,(anonymous_3)
FNDA:2,(anonymous_4)
FNDA:0,(anonymous_5)
DA:4,1
DA:5,4
DA:6,4
DA:12,3
DA:13,3
DA:14,3
DA:16,3
DA:17,3
DA:20,2
DA:21,2
DA:24,2
DA:29,3
DA:31,1
DA:35,1
DA:36,0
LF:15
LH:14
BRF:0
BRH:0
end_of_record
